<?xml version="1.0" encoding="UTF-8"?>
<!-- Generated by org.testng.reporters.JUnitReportReporter -->
<testsuite hostname="Imperator" failures="0" tests="8" name="LikeTest" time="3,407" errors="0" timestamp="7 Mar 2021 15:36:36 GMT">
  <testcase classname="LikeTest" name="isLikedNegativeItemIdTest" time="0,067"/>
  <testcase classname="LikeTest" name="addLikeTest" time="0,133"/>
  <testcase classname="LikeTest" name="deleteLikeTest" time="0,221"/>
  <testcase classname="LikeTest" name="isLikedTest" time="0,085"/>
  <testcase classname="LikeTest" name="getLikesRestrictedPhotoTest" time="0,067"/>
  <testcase classname="LikeTest" name="addLikeEmptyTokenTest" time="2,703"/>
  <testcase classname="LikeTest" name="deleteLikeNonExistingLikeTest" time="0,068"/>
  <testcase classname="LikeTest" name="getLikesTest" time="0,063"/>
</testsuite>
